<?xml version="1.0" encoding="UTF-8"?>
<testng-results ignored="0" total="5" passed="5" failed="0" skipped="0">
  <reporter-output>
  </reporter-output>
  <suite started-at="2024-05-03T16:33:41 IST" name="Default suite" finished-at="2024-05-03T16:33:41 IST" duration-ms="58">
    <groups>
    </groups>
    <test started-at="2024-05-03T16:33:41 IST" name="Default test" finished-at="2024-05-03T16:33:41 IST" duration-ms="58">
      <class name="SeleniumAdvance.DataProviderRunner">
        <test-method signature="test(java.lang.String,java.lang.String)[pri:0, instance:SeleniumAdvance.DataProviderRunner@3e6ef8ad]" started-at="2024-05-03T16:33:41 IST" name="test" data-provider="cred" finished-at="2024-05-03T16:33:41 IST" duration-ms="5" status="PASS">
          <params>
            <param index="0">
              <value>
                <![CDATA[E101]]>
              </value>
            </param>
            <param index="1">
              <value>
                <![CDATA[p@1]]>
              </value>
            </param>
          </params>
          <reporter-output>
          </reporter-output>
        </test-method> <!-- test -->
        <test-method signature="test(java.lang.String,java.lang.String)[pri:0, instance:SeleniumAdvance.DataProviderRunner@3e6ef8ad]" started-at="2024-05-03T16:33:41 IST" name="test" data-provider="cred" finished-at="2024-05-03T16:33:41 IST" duration-ms="1" status="PASS">
          <params>
            <param index="0">
              <value>
                <![CDATA[E102]]>
              </value>
            </param>
            <param index="1">
              <value>
                <![CDATA[p@2]]>
              </value>
            </param>
          </params>
          <reporter-output>
          </reporter-output>
        </test-method> <!-- test -->
        <test-method signature="test(java.lang.String,java.lang.String)[pri:0, instance:SeleniumAdvance.DataProviderRunner@3e6ef8ad]" started-at="2024-05-03T16:33:41 IST" name="test" data-provider="cred" finished-at="2024-05-03T16:33:41 IST" duration-ms="1" status="PASS">
          <params>
            <param index="0">
              <value>
                <![CDATA[E103]]>
              </value>
            </param>
            <param index="1">
              <value>
                <![CDATA[p@3]]>
              </value>
            </param>
          </params>
          <reporter-output>
          </reporter-output>
        </test-method> <!-- test -->
        <test-method signature="test1(java.lang.String,int,java.lang.String)[pri:0, instance:SeleniumAdvance.DataProviderRunner@3e6ef8ad]" started-at="2024-05-03T16:33:41 IST" name="test1" data-provider="credLog" finished-at="2024-05-03T16:33:41 IST" duration-ms="2" status="PASS">
          <params>
            <param index="0">
              <value>
                <![CDATA[Aniket]]>
              </value>
            </param>
            <param index="1">
              <value>
                <![CDATA[25]]>
              </value>
            </param>
            <param index="2">
              <value>
                <![CDATA[Employee]]>
              </value>
            </param>
          </params>
          <reporter-output>
          </reporter-output>
        </test-method> <!-- test1 -->
        <test-method signature="test1(java.lang.String,int,java.lang.String)[pri:0, instance:SeleniumAdvance.DataProviderRunner@3e6ef8ad]" started-at="2024-05-03T16:33:41 IST" name="test1" data-provider="credLog" finished-at="2024-05-03T16:33:41 IST" duration-ms="1" status="PASS">
          <params>
            <param index="0">
              <value>
                <![CDATA[Sanket]]>
              </value>
            </param>
            <param index="1">
              <value>
                <![CDATA[24]]>
              </value>
            </param>
            <param index="2">
              <value>
                <![CDATA[Stuudent]]>
              </value>
            </param>
          </params>
          <reporter-output>
          </reporter-output>
        </test-method> <!-- test1 -->
      </class> <!-- SeleniumAdvance.DataProviderRunner -->
    </test> <!-- Default test -->
  </suite> <!-- Default suite -->
</testng-results>
