<?xml version="1.0" encoding="UTF-8"?>
<!-- Generated by org.testng.reporters.JUnitXMLReporter -->
<testsuite ignored="2" hostname="Ankiket-ASUS" failures="0" tests="2" name="GRP-BVT" time="0.045" errors="0" timestamp="2024-05-01T17:38:57 IST">
  <testcase classname="SeleniumAdvance.GroupDemo" name="homePage" time="0.006"/>
  <testcase classname="SeleniumAdvance.GroupDemo" name="payment" time="0.001"/>
  <testcase classname="SeleniumAdvance.GroupDemo" name="login" time="0.0">
    <ignored/>
  </testcase> <!-- login -->
  <testcase classname="SeleniumAdvance.GroupDemo" name="logOut" time="0.0">
    <ignored/>
  </testcase> <!-- logOut -->
</testsuite> <!-- GRP-BVT -->
